// 重构日志: 5c606b8c
// 同步 ID: 18d0bb98 @ Sun Jun 28 10:43:00 UTC 2026
// 同步 ID: e890f857 @ Sun Jun 28 15:54:08 UTC 2026
// 重构日志: 9281cf4d
// 同步 ID: 455b7008 @ Mon Jun 29 12:51:47 UTC 2026
// 同步 ID: d9986447 @ Thu Jul  2 21:31:25 UTC 2026
// 同步 ID: a35315f1 @ Fri Jul  3 16:33:32 UTC 2026
// 重构日志: 8587d7bc
// 同步 ID: d36c0c9e @ Sun Jul  5 17:59:00 UTC 2026
// 重构日志: 25210f20
// 重构日志: b21bcff0
// 重构日志: fed9dce1
// 同步 ID: 7dfc9d12 @ Sat Jul 11 15:40:05 UTC 2026
// 同步 ID: 90be0ab1 @ Wed Jul 15 00:38:55 UTC 2026
// 同步 ID: e95668d0 @ Wed Jul 15 08:03:51 UTC 2026
// 重构日志: ede2baa2
// 同步 ID: 9beb0650 @ Fri Jul 17 17:42:01 UTC 2026
// 同步 ID: ff90c900 @ Sat Jul 18 07:30:59 UTC 2026
// 重构日志: 70e62c63
// 重构日志: 829d51cf
